# JRE version: OpenJDK Runtime Environment Temurin-21.0.7+6 (21.0.7+6) (build 21.0.7+6-LTS)
# Java VM: OpenJDK 64-Bit Server VM Temurin-21.0.7+6 (21.0.7+6-LTS, mixed mode, sharing, tiered, compressed oops, compressed class ptrs, parallel gc, windows-amd64)
GC Precious Log:
 CardTable entry size: 512
 CPUs: 8 total, 8 available
 Memory: 12030M
 Large Page Support: Disabled
 NUMA Support: Disabled
 Compressed Oops: Enabled (32-bit)
 Alignments: Space 512K, Generation 512K, Heap 2M
 Heap Min Capacity: 100M
 Heap Initial Capacity: 100M
 Heap Max Capacity: 2G
 Pre-touch: Disabled
 Parallel Workers: 8
Heap:
 PSYoungGen      total 3584K, used 3252K [0x00000000d5580000, 0x00000000d5a00000, 0x0000000100000000)
  eden space 2560K, 100% used [0x00000000d5580000,0x00000000d5800000,0x00000000d5800000)
  from space 1024K, 67% used [0x00000000d5900000,0x00000000d59ad220,0x00000000d5a00000)
  to   space 1024K, 0% used [0x00000000d5800000,0x00000000d5800000,0x00000000d5900000)
 ParOldGen       total 848384K, used 848308K [0x0000000080000000, 0x00000000b3c80000, 0x00000000d5580000)
  object space 848384K, 99% used [0x0000000080000000,0x00000000b3c6d040,0x00000000b3c80000)
 Metaspace       used 68196K, committed 69760K, reserved 1114112K
  class space    used 6840K, committed 7616K, reserved 1048576K
GC Heap History (20 events):
Event: 76.989 GC heap before
{Heap before GC invocations=2071 (full 3):
 PSYoungGen      total 4096K, used 3441K [0x00000000d5580000, 0x00000000d5a80000, 0x0000000100000000)
  eden space 2560K, 99% used [0x00000000d5580000,0x00000000d57fffe8,0x00000000d5800000)
  from space 1536K, 57% used [0x00000000d5800000,0x00000000d58dc808,0x00000000d5980000)
  to   space 1024K, 0% used [0x00000000d5980000,0x00000000d5980000,0x00000000d5a80000)
 ParOldGen       total 833024K, used 832721K [0x0000000080000000, 0x00000000b2d80000, 0x00000000d5580000)
  object space 833024K, 99% used [0x0000000080000000,0x00000000b2d34650,0x00000000b2d80000)
 Metaspace       used 67757K, committed 69248K, reserved 1114112K
  class space    used 6781K, committed 7488K, reserved 1048576K
}
Event: 76.994 GC heap after
{Heap after GC invocations=2071 (full 3):
 PSYoungGen      total 2560K, used 992K [0x00000000d5580000, 0x00000000d5d00000, 0x0000000100000000)
  eden space 1536K, 0% used [0x00000000d5580000,0x00000000d5580000,0x00000000d5700000)
  from space 1024K, 96% used [0x00000000d5980000,0x00000000d5a78370,0x00000000d5a80000)
  to   space 2560K, 0% used [0x00000000d5700000,0x00000000d5700000,0x00000000d5980000)
 ParOldGen       total 834048K, used 833734K [0x0000000080000000, 0x00000000b2e80000, 0x00000000d5580000)
  object space 834048K, 99% used [0x0000000080000000,0x00000000b2e31b80,0x00000000b2e80000)
 Metaspace       used 67757K, committed 69248K, reserved 1114112K
  class space    used 6781K, committed 7488K, reserved 1048576K
}
Event: 77.014 GC heap before
{Heap before GC invocations=2072 (full 3):
 PSYoungGen      total 2560K, used 2528K [0x00000000d5580000, 0x00000000d5d00000, 0x0000000100000000)
  eden space 1536K, 100% used [0x00000000d5580000,0x00000000d5700000,0x00000000d5700000)
  from space 1024K, 96% used [0x00000000d5980000,0x00000000d5a78370,0x00000000d5a80000)
  to   space 2560K, 0% used [0x00000000d5700000,0x00000000d5700000,0x00000000d5980000)
 ParOldGen       total 834048K, used 833734K [0x0000000080000000, 0x00000000b2e80000, 0x00000000d5580000)
  object space 834048K, 99% used [0x0000000080000000,0x00000000b2e31b80,0x00000000b2e80000)
 Metaspace       used 67765K, committed 69248K, reserved 1114112K
  class space    used 6782K, committed 7488K, reserved 1048576K
}
Event: 77.017 GC heap after
{Heap after GC invocations=2072 (full 3):
 PSYoungGen      total 3072K, used 1440K [0x00000000d5580000, 0x00000000d5b00000, 0x0000000100000000)
  eden space 1536K, 0% used [0x00000000d5580000,0x00000000d5580000,0x00000000d5700000)
  from space 1536K, 93% used [0x00000000d5700000,0x00000000d5868000,0x00000000d5880000)
  to   space 2048K, 0% used [0x00000000d5900000,0x00000000d5900000,0x00000000d5b00000)
 ParOldGen       total 835072K, used 834655K [0x0000000080000000, 0x00000000b2f80000, 0x00000000d5580000)
  object space 835072K, 99% used [0x0000000080000000,0x00000000b2f17f40,0x00000000b2f80000)
 Metaspace       used 67765K, committed 69248K, reserved 1114112K
  class space    used 6782K, committed 7488K, reserved 1048576K
}
Event: 77.078 GC heap before
{Heap before GC invocations=2073 (full 3):
 PSYoungGen      total 3072K, used 2976K [0x00000000d5580000, 0x00000000d5b00000, 0x0000000100000000)
  eden space 1536K, 100% used [0x00000000d5580000,0x00000000d5700000,0x00000000d5700000)
  from space 1536K, 93% used [0x00000000d5700000,0x00000000d5868000,0x00000000d5880000)
  to   space 2048K, 0% used [0x00000000d5900000,0x00000000d5900000,0x00000000d5b00000)
 ParOldGen       total 835072K, used 834655K [0x0000000080000000, 0x00000000b2f80000, 0x00000000d5580000)
  object space 835072K, 99% used [0x0000000080000000,0x00000000b2f17f40,0x00000000b2f80000)
 Metaspace       used 67775K, committed 69248K, reserved 1114112K
  class space    used 6786K, committed 7488K, reserved 1048576K
}
Event: 77.082 GC heap after
{Heap after GC invocations=2073 (full 3):
 PSYoungGen      total 3072K, used 1504K [0x00000000d5580000, 0x00000000d5a80000, 0x0000000100000000)
  eden space 1536K, 0% used [0x00000000d5580000,0x00000000d5580000,0x00000000d5700000)
  from space 1536K, 97% used [0x00000000d5900000,0x00000000d5a78000,0x00000000d5a80000)
  to   space 1536K, 0% used [0x00000000d5700000,0x00000000d5700000,0x00000000d5880000)
 ParOldGen       total 836096K, used 836015K [0x0000000080000000, 0x00000000b3080000, 0x00000000d5580000)
  object space 836096K, 99% used [0x0000000080000000,0x00000000b306bf40,0x00000000b3080000)
 Metaspace       used 67775K, committed 69248K, reserved 1114112K
  class space    used 6786K, committed 7488K, reserved 1048576K
}
Event: 77.098 GC heap before
{Heap before GC invocations=2074 (full 3):
 PSYoungGen      total 3072K, used 3040K [0x00000000d5580000, 0x00000000d5a80000, 0x0000000100000000)
  eden space 1536K, 100% used [0x00000000d5580000,0x00000000d5700000,0x00000000d5700000)
  from space 1536K, 97% used [0x00000000d5900000,0x00000000d5a78000,0x00000000d5a80000)
  to   space 1536K, 0% used [0x00000000d5700000,0x00000000d5700000,0x00000000d5880000)
 ParOldGen       total 836096K, used 836015K [0x0000000080000000, 0x00000000b3080000, 0x00000000d5580000)
  object space 836096K, 99% used [0x0000000080000000,0x00000000b306bf40,0x00000000b3080000)
 Metaspace       used 67776K, committed 69248K, reserved 1114112K
  class space    used 6786K, committed 7488K, reserved 1048576K
}
Event: 77.103 GC heap after
{Heap after GC invocations=2074 (full 3):
 PSYoungGen      total 3072K, used 1472K [0x00000000d5580000, 0x00000000d5a00000, 0x0000000100000000)
  eden space 1536K, 0% used [0x00000000d5580000,0x00000000d5580000,0x00000000d5700000)
  from space 1536K, 95% used [0x00000000d5700000,0x00000000d5870000,0x00000000d5880000)
  to   space 1536K, 0% used [0x00000000d5880000,0x00000000d5880000,0x00000000d5a00000)
 ParOldGen       total 837632K, used 837363K [0x0000000080000000, 0x00000000b3200000, 0x00000000d5580000)
  object space 837632K, 99% used [0x0000000080000000,0x00000000b31bcf60,0x00000000b3200000)
 Metaspace       used 67776K, committed 69248K, reserved 1114112K
  class space    used 6786K, committed 7488K, reserved 1048576K
}
Event: 77.127 GC heap before
{Heap before GC invocations=2075 (full 3):
 PSYoungGen      total 3072K, used 3008K [0x00000000d5580000, 0x00000000d5a00000, 0x0000000100000000)
  eden space 1536K, 100% used [0x00000000d5580000,0x00000000d5700000,0x00000000d5700000)
  from space 1536K, 95% used [0x00000000d5700000,0x00000000d5870000,0x00000000d5880000)
  to   space 1536K, 0% used [0x00000000d5880000,0x00000000d5880000,0x00000000d5a00000)
 ParOldGen       total 837632K, used 837363K [0x0000000080000000, 0x00000000b3200000, 0x00000000d5580000)
  object space 837632K, 99% used [0x0000000080000000,0x00000000b31bcf60,0x00000000b3200000)
 Metaspace       used 67790K, committed 69312K, reserved 1114112K
  class space    used 6787K, committed 7488K, reserved 1048576K
}
Event: 77.131 GC heap after
{Heap after GC invocations=2075 (full 3):
 PSYoungGen      total 3072K, used 1298K [0x00000000d5580000, 0x00000000d5a00000, 0x0000000100000000)
  eden space 1536K, 0% used [0x00000000d5580000,0x00000000d5580000,0x00000000d5700000)
  from space 1536K, 84% used [0x00000000d5880000,0x00000000d59c48b8,0x00000000d5a00000)
  to   space 1536K, 0% used [0x00000000d5700000,0x00000000d5700000,0x00000000d5880000)
 ParOldGen       total 839168K, used 838780K [0x0000000080000000, 0x00000000b3380000, 0x00000000d5580000)
  object space 839168K, 99% used [0x0000000080000000,0x00000000b331f340,0x00000000b3380000)
 Metaspace       used 67790K, committed 69312K, reserved 1114112K
  class space    used 6787K, committed 7488K, reserved 1048576K
}
Event: 77.150 GC heap before
{Heap before GC invocations=2076 (full 3):
 PSYoungGen      total 3072K, used 2833K [0x00000000d5580000, 0x00000000d5a00000, 0x0000000100000000)
  eden space 1536K, 99% used [0x00000000d5580000,0x00000000d56ffd38,0x00000000d5700000)
  from space 1536K, 84% used [0x00000000d5880000,0x00000000d59c48b8,0x00000000d5a00000)
  to   space 1536K, 0% used [0x00000000d5700000,0x00000000d5700000,0x00000000d5880000)
 ParOldGen       total 839168K, used 838780K [0x0000000080000000, 0x00000000b3380000, 0x00000000d5580000)
  object space 839168K, 99% used [0x0000000080000000,0x00000000b331f340,0x00000000b3380000)
 Metaspace       used 67790K, committed 69312K, reserved 1114112K
  class space    used 6787K, committed 7488K, reserved 1048576K
}
Event: 77.152 GC heap after
{Heap after GC invocations=2076 (full 3):
 PSYoungGen      total 3072K, used 1429K [0x00000000d5580000, 0x00000000d5a00000, 0x0000000100000000)
  eden space 1536K, 0% used [0x00000000d5580000,0x00000000d5580000,0x00000000d5700000)
  from space 1536K, 93% used [0x00000000d5700000,0x00000000d58657d0,0x00000000d5880000)
  to   space 1536K, 0% used [0x00000000d5880000,0x00000000d5880000,0x00000000d5a00000)
 ParOldGen       total 840192K, used 840069K [0x0000000080000000, 0x00000000b3480000, 0x00000000d5580000)
  object space 840192K, 99% used [0x0000000080000000,0x00000000b3461650,0x00000000b3480000)
 Metaspace       used 67790K, committed 69312K, reserved 1114112K
  class space    used 6787K, committed 7488K, reserved 1048576K
}
Event: 77.224 GC heap before
{Heap before GC invocations=2077 (full 3):
 PSYoungGen      total 3072K, used 2965K [0x00000000d5580000, 0x00000000d5a00000, 0x0000000100000000)
  eden space 1536K, 99% used [0x00000000d5580000,0x00000000d56fffe8,0x00000000d5700000)
  from space 1536K, 93% used [0x00000000d5700000,0x00000000d58657d0,0x00000000d5880000)
  to   space 1536K, 0% used [0x00000000d5880000,0x00000000d5880000,0x00000000d5a00000)
 ParOldGen       total 840192K, used 840069K [0x0000000080000000, 0x00000000b3480000, 0x00000000d5580000)
  object space 840192K, 99% used [0x0000000080000000,0x00000000b3461650,0x00000000b3480000)
 Metaspace       used 67818K, committed 69376K, reserved 1114112K
  class space    used 6790K, committed 7552K, reserved 1048576K
}
Event: 77.229 GC heap after
{Heap after GC invocations=2077 (full 3):
 PSYoungGen      total 3072K, used 1152K [0x00000000d5580000, 0x00000000d5a00000, 0x0000000100000000)
  eden space 1536K, 0% used [0x00000000d5580000,0x00000000d5580000,0x00000000d5700000)
  from space 1536K, 75% used [0x00000000d5880000,0x00000000d59a0000,0x00000000d5a00000)
  to   space 1536K, 0% used [0x00000000d5700000,0x00000000d5700000,0x00000000d5880000)
 ParOldGen       total 841728K, used 841443K [0x0000000080000000, 0x00000000b3600000, 0x00000000d5580000)
  object space 841728K, 99% used [0x0000000080000000,0x00000000b35b8e20,0x00000000b3600000)
 Metaspace       used 67818K, committed 69376K, reserved 1114112K
  class space    used 6790K, committed 7552K, reserved 1048576K
}
Event: 77.280 GC heap before
{Heap before GC invocations=2078 (full 3):
 PSYoungGen      total 3072K, used 2688K [0x00000000d5580000, 0x00000000d5a00000, 0x0000000100000000)
  eden space 1536K, 100% used [0x00000000d5580000,0x00000000d5700000,0x00000000d5700000)
  from space 1536K, 75% used [0x00000000d5880000,0x00000000d59a0000,0x00000000d5a00000)
  to   space 1536K, 0% used [0x00000000d5700000,0x00000000d5700000,0x00000000d5880000)
 ParOldGen       total 841728K, used 841443K [0x0000000080000000, 0x00000000b3600000, 0x00000000d5580000)
  object space 841728K, 99% used [0x0000000080000000,0x00000000b35b8e20,0x00000000b3600000)
 Metaspace       used 67833K, committed 69376K, reserved 1114112K
  class space    used 6794K, committed 7552K, reserved 1048576K
}
Event: 77.284 GC heap after
{Heap after GC invocations=2078 (full 3):
 PSYoungGen      total 3072K, used 1139K [0x00000000d5580000, 0x00000000d5a00000, 0x0000000100000000)
  eden space 1536K, 0% used [0x00000000d5580000,0x00000000d5580000,0x00000000d5700000)
  from space 1536K, 74% used [0x00000000d5700000,0x00000000d581cef0,0x00000000d5880000)
  to   space 1536K, 0% used [0x00000000d5880000,0x00000000d5880000,0x00000000d5a00000)
 ParOldGen       total 842752K, used 842524K [0x0000000080000000, 0x00000000b3700000, 0x00000000d5580000)
  object space 842752K, 99% used [0x0000000080000000,0x00000000b36c7000,0x00000000b3700000)
 Metaspace       used 67833K, committed 69376K, reserved 1114112K
  class space    used 6794K, committed 7552K, reserved 1048576K
}
Event: 77.358 GC heap before
{Heap before GC invocations=2079 (full 3):
 PSYoungGen      total 3072K, used 2675K [0x00000000d5580000, 0x00000000d5a00000, 0x0000000100000000)
  eden space 1536K, 99% used [0x00000000d5580000,0x00000000d56fffe8,0x00000000d5700000)
  from space 1536K, 74% used [0x00000000d5700000,0x00000000d581cef0,0x00000000d5880000)
  to   space 1536K, 0% used [0x00000000d5880000,0x00000000d5880000,0x00000000d5a00000)
 ParOldGen       total 842752K, used 842524K [0x0000000080000000, 0x00000000b3700000, 0x00000000d5580000)
  object space 842752K, 99% used [0x0000000080000000,0x00000000b36c7000,0x00000000b3700000)
 Metaspace       used 67960K, committed 69504K, reserved 1114112K
  class space    used 6809K, committed 7552K, reserved 1048576K
}
Event: 77.363 GC heap after
{Heap after GC invocations=2079 (full 3):
 PSYoungGen      total 2048K, used 352K [0x00000000d5580000, 0x00000000d5900000, 0x0000000100000000)
  eden space 1536K, 0% used [0x00000000d5580000,0x00000000d5580000,0x00000000d5700000)
  from space 512K, 68% used [0x00000000d5880000,0x00000000d58d8000,0x00000000d5900000)
  to   space 1024K, 0% used [0x00000000d5700000,0x00000000d5700000,0x00000000d5800000)
 ParOldGen       total 843776K, used 843585K [0x0000000080000000, 0x00000000b3800000, 0x00000000d5580000)
  object space 843776K, 99% used [0x0000000080000000,0x00000000b37d0618,0x00000000b3800000)
 Metaspace       used 67960K, committed 69504K, reserved 1114112K
  class space    used 6809K, committed 7552K, reserved 1048576K
}
Event: 77.366 GC heap before
{Heap before GC invocations=2080 (full 3):
 PSYoungGen      total 2048K, used 1888K [0x00000000d5580000, 0x00000000d5900000, 0x0000000100000000)
  eden space 1536K, 100% used [0x00000000d5580000,0x00000000d5700000,0x00000000d5700000)
  from space 512K, 68% used [0x00000000d5880000,0x00000000d58d8000,0x00000000d5900000)
  to   space 1024K, 0% used [0x00000000d5700000,0x00000000d5700000,0x00000000d5800000)
 ParOldGen       total 843776K, used 843585K [0x0000000080000000, 0x00000000b3800000, 0x00000000d5580000)
  object space 843776K, 99% used [0x0000000080000000,0x00000000b37d0618,0x00000000b3800000)
 Metaspace       used 67968K, committed 69504K, reserved 1114112K
  class space    used 6812K, committed 7552K, reserved 1048576K
}
Event: 78.393 GC heap after
{Heap after GC invocations=2080 (full 3):
 PSYoungGen      total 2560K, used 224K [0x00000000d5580000, 0x00000000d5900000, 0x0000000100000000)
  eden space 1536K, 0% used [0x00000000d5580000,0x00000000d5580000,0x00000000d5700000)
  from space 1024K, 21% used [0x00000000d5700000,0x00000000d5738000,0x00000000d5800000)
  to   space 512K, 0% used [0x00000000d5880000,0x00000000d5880000,0x00000000d5900000)
 ParOldGen       total 848384K, used 847783K [0x0000000080000000, 0x00000000b3c80000, 0x00000000d5580000)
  object space 848384K, 99% used [0x0000000080000000,0x00000000b3be9c98,0x00000000b3c80000)
 Metaspace       used 67968K, committed 69504K, reserved 1114112K
  class space    used 6812K, committed 7552K, reserved 1048576K
}

